2024-08-12 09:36:55,759 [main] INFO CoverFoxInsurance - Opening browser
2024-08-12 09:36:59,812 [main] INFO CoverFoxInsurance - Clicking on female button
2024-08-12 09:37:04,379 [main] INFO CoverFoxInsurance - Clicking on next button
2024-08-12 09:37:05,612 [main] WARN CoverFoxInsurance - Age should be between 18-90
2024-08-12 09:37:05,612 [main] INFO CoverFoxInsurance - selecting age from age drop down
2024-08-12 09:37:07,677 [main] INFO CoverFoxInsurance - Clicking on next button
2024-08-12 09:37:08,755 [main] WARN CoverFoxInsurance - Please enter the valid pin code
2024-08-12 09:37:08,755 [main] INFO CoverFoxInsurance - Entering pin code
2024-08-12 09:37:08,978 [main] WARN CoverFoxInsurance - Please enter the valid mobile number
2024-08-12 09:37:08,978 [main] INFO CoverFoxInsurance - Entering mobile number
2024-08-12 09:37:09,299 [main] INFO CoverFoxInsurance - Clicking on continue button
2024-08-12 09:37:13,467 [main] INFO CoverFoxInsurance - Validating banners
2024-08-12 09:37:17,562 [main] INFO CoverFoxInsurance - Validating presence of filterDropDown
2024-08-12 09:37:17,914 [main] INFO CoverFoxInsurance - closing browser
2024-08-19 12:58:11,494 [main] INFO CoverFoxInsurance - Opening browser
2024-08-19 12:58:54,368 [main] INFO CoverFoxInsurance - Clicking on female button
2024-08-19 12:58:57,723 [main] INFO CoverFoxInsurance - Clicking on next button
2024-08-19 12:58:58,865 [main] WARN CoverFoxInsurance - Age should be between 18-90
2024-08-19 12:58:58,866 [main] INFO CoverFoxInsurance - selecting age from age drop down
2024-08-19 12:59:00,825 [main] INFO CoverFoxInsurance - Clicking on next button
2024-08-19 12:59:01,963 [main] WARN CoverFoxInsurance - Please enter the valid pin code
2024-08-19 12:59:01,963 [main] INFO CoverFoxInsurance - Entering pin code
2024-08-19 12:59:02,153 [main] WARN CoverFoxInsurance - Please enter the valid mobile number
2024-08-19 12:59:02,153 [main] INFO CoverFoxInsurance - Entering mobile number
2024-08-19 12:59:02,329 [main] INFO CoverFoxInsurance - Clicking on continue button
2024-08-19 12:59:06,444 [main] INFO CoverFoxInsurance - Validating banners
2024-08-19 12:59:11,102 [main] INFO CoverFoxInsurance - Validating presence of filterDropDown
2024-08-19 12:59:11,290 [main] INFO CoverFoxInsurance - closing browser
2024-08-19 13:02:59,457 [main] INFO CoverFoxInsurance - Opening browser
2024-08-19 13:03:51,738 [main] INFO CoverFoxInsurance - Clicking on female button
2024-08-19 13:03:56,994 [main] INFO CoverFoxInsurance - Clicking on next button
2024-08-19 13:03:58,111 [main] WARN CoverFoxInsurance - Age should be between 18-90
2024-08-19 13:03:58,112 [main] INFO CoverFoxInsurance - selecting age from age drop down
2024-08-19 13:04:00,286 [main] INFO CoverFoxInsurance - Clicking on next button
2024-08-19 13:04:01,370 [main] WARN CoverFoxInsurance - Please enter the valid pin code
2024-08-19 13:04:01,371 [main] INFO CoverFoxInsurance - Entering pin code
2024-08-19 13:04:01,849 [main] WARN CoverFoxInsurance - Please enter the valid mobile number
2024-08-19 13:04:01,849 [main] INFO CoverFoxInsurance - Entering mobile number
2024-08-19 13:04:02,154 [main] INFO CoverFoxInsurance - Clicking on continue button
2024-08-19 13:04:06,396 [main] INFO CoverFoxInsurance - Validating banners
2024-08-19 13:04:10,531 [main] INFO CoverFoxInsurance - Validating presence of filterDropDown
2024-08-19 13:04:10,626 [main] INFO CoverFoxInsurance - closing browser
2024-08-19 13:04:57,960 [main] INFO CoverFoxInsurance - Opening browser
2024-08-19 13:05:07,589 [main] INFO CoverFoxInsurance - Clicking on female button
2024-08-19 13:05:11,632 [main] INFO CoverFoxInsurance - Clicking on next button
2024-08-20 07:01:12,954 [main] INFO CoverFoxInsurance - Opening browser
2024-08-20 07:01:19,759 [main] INFO CoverFoxInsurance - Clicking on female button
2024-08-20 07:01:22,456 [main] INFO CoverFoxInsurance - Clicking on next button
2024-08-20 07:01:23,557 [main] WARN CoverFoxInsurance - Age should be between 18-90
2024-08-20 07:01:23,557 [main] INFO CoverFoxInsurance - selecting age from age drop down
2024-08-20 07:01:24,685 [main] INFO CoverFoxInsurance - Clicking on next button
2024-08-20 07:01:25,755 [main] WARN CoverFoxInsurance - Please enter the valid pin code
2024-08-20 07:01:25,764 [main] INFO CoverFoxInsurance - Entering pin code
2024-08-20 07:01:26,082 [main] WARN CoverFoxInsurance - Please enter the valid mobile number
2024-08-20 07:01:26,083 [main] INFO CoverFoxInsurance - Entering mobile number
2024-08-20 07:01:26,289 [main] INFO CoverFoxInsurance - Clicking on continue button
2024-08-20 07:01:30,484 [main] INFO CoverFoxInsurance - Validating banners
2024-08-20 07:01:35,891 [main] INFO CoverFoxInsurance - Validating presence of filterDropDown
2024-08-20 07:01:37,264 [main] INFO CoverFoxInsurance - closing browser
2024-08-20 07:10:02,038 [main] INFO CoverFoxInsurance - Opening browser
2024-08-20 07:10:05,635 [main] INFO CoverFoxInsurance - Clicking on female button
2024-08-20 07:10:07,143 [main] INFO CoverFoxInsurance - Clicking on next button
2024-08-20 07:10:08,223 [main] WARN CoverFoxInsurance - Age should be between 18-90
2024-08-20 07:10:08,224 [main] INFO CoverFoxInsurance - selecting age from age drop down
2024-08-20 07:10:09,259 [main] INFO CoverFoxInsurance - Clicking on next button
2024-08-20 07:10:10,336 [main] WARN CoverFoxInsurance - Please enter the valid pin code
2024-08-20 07:10:10,339 [main] INFO CoverFoxInsurance - Entering pin code
2024-08-20 07:10:10,497 [main] WARN CoverFoxInsurance - Please enter the valid mobile number
2024-08-20 07:10:10,497 [main] INFO CoverFoxInsurance - Entering mobile number
2024-08-20 07:10:10,607 [main] INFO CoverFoxInsurance - Clicking on continue button
2024-08-20 07:10:14,691 [main] INFO CoverFoxInsurance - Validating banners
2024-08-20 07:10:18,774 [main] INFO CoverFoxInsurance - Validating presence of filterDropDown
2024-08-20 07:10:18,848 [main] INFO CoverFoxInsurance - closing browser
